SF:lib/core/error/failures.dart
DA:8,13
DA:10,4
DA:13,0
DA:14,0
DA:15,0
DA:16,0
DA:18,0
DA:19,0
DA:21,0
DA:22,0
DA:26,6
DA:32,3
DA:34,0
DA:35,0
DA:39,4
DA:45,6
DA:47,0
DA:48,0
DA:53,6
LF:19
LH:7
end_of_record
SF:lib/features/campsites/domain/entities/campsite.dart
DA:21,6
DA:23,2
DA:24,6
DA:27,2
DA:28,2
DA:29,4
DA:30,3
DA:34,2
DA:35,4
DA:36,6
DA:37,5
DA:40,1
DA:41,1
DA:42,2
DA:43,2
DA:45,1
DA:46,3
DA:48,2
DA:52,2
DA:53,8
LF:20
LH:20
end_of_record
SF:lib/features/campsites/domain/entities/geo_location.dart
DA:13,8
DA:15,1
DA:16,3
DA:17,2
DA:18,3
DA:19,2
DA:22,1
DA:23,5
DA:26,1
DA:29,4
DA:30,4
DA:33,6
DA:34,4
DA:35,4
DA:36,3
DA:37,2
DA:39,5
DA:41,1
DA:44,1
DA:45,2
LF:20
LH:20
end_of_record
SF:lib/features/campsites/domain/usecases/get_campsites.dart
DA:12,1
DA:21,1
DA:24,2
DA:28,2
DA:31,2
DA:34,4
DA:40,1
DA:42,2
DA:44,1
DA:45,3
LF:10
LH:10
end_of_record
SF:lib/features/campsites/domain/entities/filter_criteria.dart
DA:15,11
DA:17,2
DA:18,2
DA:19,2
DA:20,4
DA:21,2
DA:22,2
DA:25,1
DA:27,2
DA:28,2
DA:29,3
DA:30,2
DA:31,2
DA:35,1
DA:39,1
DA:40,3
DA:41,3
LF:17
LH:17
end_of_record
SF:lib/features/campsites/domain/usecases/filter_campsites.dart
DA:13,1
DA:22,1
DA:27,1
DA:28,2
DA:32,2
DA:34,4
DA:36,1
DA:37,5
DA:38,1
DA:41,1
DA:42,3
LF:11
LH:11
end_of_record
SF:lib/features/campsites/data/models/campsite_model.dart
DA:26,4
DA:28,1
DA:29,1
DA:32,2
DA:33,2
DA:34,2
DA:35,2
DA:36,4
DA:37,4
DA:38,2
DA:39,2
DA:40,2
DA:41,2
DA:42,2
DA:43,2
DA:48,1
DA:49,1
DA:50,1
DA:51,1
DA:52,2
DA:53,2
DA:54,1
DA:55,1
DA:56,1
DA:57,1
DA:58,1
DA:59,1
LF:27
LH:27
end_of_record
SF:lib/features/campsites/data/models/campsite_model.g.dart
DA:9,1
DA:11,1
DA:12,1
DA:13,1
DA:14,1
DA:15,1
DA:17,1
DA:18,1
DA:19,1
DA:21,4
DA:22,2
DA:23,1
DA:25,4
DA:28,1
DA:29,1
DA:30,1
DA:31,1
DA:32,2
DA:33,1
DA:34,1
DA:35,1
DA:36,1
DA:37,1
DA:38,1
DA:39,1
LF:25
LH:25
end_of_record
SF:lib/features/campsites/data/models/geo_location_model.dart
DA:16,3
DA:18,1
DA:19,1
DA:22,2
DA:23,6
DA:27,1
DA:28,1
DA:29,1
DA:30,1
LF:9
LH:9
end_of_record
SF:lib/features/campsites/data/models/geo_location_model.g.dart
DA:9,1
DA:11,1
DA:12,2
DA:13,2
DA:16,1
DA:18,3
LF:6
LH:6
end_of_record
SF:lib/features/campsites/data/datasources/local/campsite_local_datasource.dart
DA:13,0
DA:16,0
DA:18,0
DA:19,0
DA:20,0
DA:22,0
DA:27,0
DA:31,0
DA:33,0
DA:36,0
DA:37,0
DA:38,0
DA:39,0
DA:40,0
DA:41,0
DA:42,0
DA:43,0
DA:44,0
DA:45,0
DA:46,0
DA:47,0
DA:48,0
DA:49,0
DA:50,0
DA:51,0
DA:58,0
DA:63,0
DA:67,0
DA:70,0
DA:73,0
DA:76,0
DA:78,0
DA:79,0
DA:83,0
DA:85,0
DA:86,0
DA:90,0
DA:92,0
DA:93,0
DA:99,0
DA:100,0
DA:101,0
DA:105,0
DA:106,0
DA:107,0
DA:109,0
DA:114,0
DA:117,0
DA:118,0
DA:121,0
DA:126,0
DA:131,0
DA:133,0
DA:136,0
DA:141,0
DA:145,0
DA:147,0
DA:148,0
DA:150,0
DA:151,0
DA:153,0
DA:158,0
DA:164,0
DA:167,0
DA:168,0
DA:170,0
DA:171,0
DA:172,0
DA:176,0
DA:181,0
DA:182,0
DA:183,0
DA:184,0
DA:185,0
DA:186,0
DA:187,0
DA:189,0
DA:190,0
DA:191,0
DA:193,0
DA:194,0
DA:195,0
DA:196,0
DA:197,0
DA:198,0
DA:200,0
LF:86
LH:0
end_of_record
SF:lib/features/campsites/data/datasources/remote/campsite_remote_datasource.dart
DA:24,0
DA:26,0
DA:29,0
DA:31,0
DA:32,0
DA:37,0
DA:38,0
DA:39,0
DA:41,0
DA:42,0
DA:43,0
DA:45,0
DA:47,0
DA:48,0
DA:50,0
DA:54,0
DA:55,0
DA:57,0
DA:61,0
DA:64,0
DA:65,0
DA:68,0
DA:69,0
DA:71,0
DA:74,0
DA:81,0
DA:82,0
DA:84,0
DA:88,0
DA:89,0
DA:91,0
DA:95,0
DA:97,0
DA:98,0
DA:99,0
DA:100,0
DA:102,0
DA:104,0
DA:106,0
DA:110,0
DA:112,0
DA:114,0
DA:116,0
DA:119,0
DA:122,0
DA:123,0
DA:124,0
DA:127,0
DA:134,0
DA:136,0
DA:137,0
DA:139,0
DA:146,0
DA:150,0
DA:152,0
DA:167,0
DA:168,0
DA:169,0
DA:170,0
DA:171,0
DA:174,0
DA:175,0
DA:176,0
DA:177,0
DA:179,0
DA:182,0
DA:185,0
DA:188,0
DA:189,0
DA:194,0
DA:196,0
DA:198,0
DA:200,0
DA:202,0
DA:204,0
DA:206,0
DA:208,0
DA:211,0
LF:78
LH:0
end_of_record
SF:lib/features/campsites/data/repositories/campsite_repository_impl.dart
DA:16,1
DA:18,1
DA:22,2
DA:23,4
DA:26,1
DA:29,4
DA:30,1
DA:33,1
DA:37,4
DA:41,1
DA:45,2
DA:47,1
DA:48,1
DA:50,2
DA:52,4
DA:56,3
DA:57,2
DA:60,1
DA:62,2
DA:64,2
DA:69,1
DA:70,3
DA:75,1
DA:81,2
DA:85,4
DA:90,4
DA:91,1
DA:94,1
DA:95,3
DA:100,1
DA:106,1
DA:111,2
DA:113,4
DA:116,4
DA:117,1
DA:120,1
DA:121,3
DA:126,1
DA:128,1
DA:131,1
DA:134,2
DA:135,4
DA:137,4
DA:141,1
DA:144,2
DA:152,1
DA:154,2
DA:158,1
DA:161,2
DA:163,4
DA:167,2
DA:171,1
DA:172,1
DA:176,4
DA:177,1
DA:179,1
DA:182,4
DA:183,1
DA:188,0
DA:189,0
LF:60
LH:58
end_of_record
SF:lib/core/config/environment.dart
DA:5,0
DA:7,0
DA:9,0
DA:13,0
DA:14,0
DA:15,0
DA:16,0
DA:18,0
DA:19,0
DA:20,0
DA:22,0
DA:24,0
DA:29,0
DA:30,0
LF:14
LH:0
end_of_record
SF:lib/core/network/dio_client.dart
DA:9,0
DA:10,0
DA:11,0
DA:12,0
DA:16,0
DA:17,0
DA:18,0
DA:19,0
DA:25,0
DA:31,0
DA:32,0
DA:33,0
DA:35,0
DA:36,0
DA:37,0
DA:41,0
DA:48,0
DA:49,0
DA:54,0
DA:62,0
DA:69,0
DA:81,0
DA:89,0
DA:102,0
DA:110,0
DA:123,0
DA:131,0
LF:27
LH:0
end_of_record
SF:lib/core/utils/coordinate_utils.dart
DA:80,0
DA:84,0
DA:87,0
DA:89,0
LF:4
LH:0
end_of_record
SF:lib/features/campsites/data/datasources/local/database.g.dart
DA:11,0
DA:145,0
DA:146,0
DA:147,0
DA:148,0
DA:149,0
DA:150,0
DA:151,0
DA:152,0
DA:153,0
DA:154,0
DA:155,0
DA:156,0
DA:157,0
DA:158,0
DA:160,0
DA:161,0
DA:162,0
DA:165,0
DA:170,0
DA:171,0
DA:172,0
DA:173,0
DA:175,0
DA:177,0
DA:178,0
DA:180,0
DA:183,0
DA:185,0
DA:186,0
DA:188,0
DA:191,0
DA:193,0
DA:194,0
DA:196,0
DA:199,0
DA:201,0
DA:202,0
DA:204,0
DA:207,0
DA:209,0
DA:210,0
DA:212,0
DA:213,0
DA:218,0
DA:220,0
DA:221,0
DA:223,0
DA:224,0
DA:229,0
DA:231,0
DA:232,0
DA:234,0
DA:235,0
DA:240,0
DA:242,0
DA:243,0
DA:245,0
DA:246,0
DA:251,0
DA:253,0
DA:254,0
DA:256,0
DA:259,0
DA:261,0
DA:262,0
DA:264,0
DA:265,0
DA:270,0
DA:272,0
DA:273,0
DA:275,0
DA:281,0
DA:282,0
DA:283,0
DA:285,0
DA:286,0
DA:288,0
DA:290,0
DA:293,0
DA:295,0
DA:298,0
DA:300,0
DA:303,0
DA:305,0
DA:308,0
DA:310,0
DA:313,0
DA:315,0
DA:318,0
DA:320,0
DA:323,0
DA:325,0
DA:328,0
DA:330,0
DA:333,0
DA:335,0
DA:338,0
DA:340,0
DA:343,0
DA:345,0
DA:350,0
DA:352,0
DA:369,0
DA:383,0
DA:385,0
DA:386,0
DA:387,0
DA:388,0
DA:389,0
DA:390,0
DA:391,0
DA:392,0
DA:393,0
DA:394,0
DA:395,0
DA:396,0
DA:397,0
DA:401,0
DA:402,0
DA:403,0
DA:404,0
DA:405,0
DA:406,0
DA:407,0
DA:408,0
DA:409,0
DA:410,0
DA:411,0
DA:412,0
DA:413,0
DA:414,0
DA:418,0
DA:422,0
DA:423,0
DA:424,0
DA:425,0
DA:426,0
DA:427,0
DA:428,0
DA:429,0
DA:430,0
DA:431,0
DA:432,0
DA:433,0
DA:434,0
DA:435,0
DA:438,0
DA:440,0
DA:441,0
DA:442,0
DA:443,0
DA:444,0
DA:445,0
DA:446,0
DA:447,0
DA:448,0
DA:449,0
DA:450,0
DA:451,0
DA:452,0
DA:453,0
DA:457,0
DA:470,0
DA:471,0
DA:472,0
DA:473,0
DA:474,0
DA:475,0
DA:476,0
DA:477,0
DA:478,0
DA:479,0
DA:480,0
DA:481,0
DA:482,0
DA:484,0
DA:485,0
DA:486,0
DA:487,0
DA:488,0
DA:489,0
DA:490,0
DA:492,0
DA:493,0
DA:494,0
DA:496,0
DA:497,0
DA:498,0
DA:500,0
DA:501,0
DA:502,0
DA:504,0
DA:505,0
DA:506,0
DA:507,0
DA:509,0
DA:510,0
DA:514,0
DA:516,0
DA:517,0
DA:518,0
DA:519,0
DA:520,0
DA:521,0
DA:522,0
DA:523,0
DA:524,0
DA:525,0
DA:526,0
DA:527,0
DA:528,0
DA:529,0
DA:530,0
DA:533,0
DA:534,0
DA:535,0
DA:536,0
DA:537,0
DA:538,0
DA:539,0
DA:540,0
DA:541,0
DA:542,0
DA:543,0
DA:544,0
DA:545,0
DA:546,0
DA:548,0
DA:551,0
DA:552,0
DA:553,0
DA:554,0
DA:555,0
DA:556,0
DA:557,0
DA:558,0
DA:559,0
DA:560,0
DA:561,0
DA:562,0
DA:563,0
DA:580,0
DA:595,0
DA:609,0
DA:610,0
DA:611,0
DA:612,0
DA:613,0
DA:614,0
DA:615,0
DA:616,0
DA:617,0
DA:618,0
DA:619,0
DA:620,0
DA:635,0
DA:636,0
DA:637,0
DA:638,0
DA:639,0
DA:640,0
DA:641,0
DA:642,0
DA:643,0
DA:644,0
DA:645,0
DA:646,0
DA:647,0
DA:648,0
DA:652,0
DA:667,0
DA:668,0
DA:669,0
DA:670,0
DA:671,0
DA:672,0
DA:673,0
DA:674,0
DA:675,0
DA:676,0
DA:677,0
DA:678,0
DA:679,0
DA:680,0
DA:684,0
DA:686,0
DA:687,0
DA:688,0
DA:690,0
DA:691,0
DA:693,0
DA:694,0
DA:696,0
DA:697,0
DA:699,0
DA:700,0
DA:702,0
DA:703,0
DA:705,0
DA:706,0
DA:708,0
DA:709,0
DA:711,0
DA:712,0
DA:714,0
DA:715,0
DA:717,0
DA:718,0
DA:720,0
DA:721,0
DA:723,0
DA:724,0
DA:729,0
DA:731,0
DA:732,0
DA:733,0
DA:734,0
DA:735,0
DA:736,0
DA:737,0
DA:738,0
DA:739,0
DA:740,0
DA:741,0
DA:742,0
DA:743,0
DA:744,0
DA:745,0
DA:746,0
DA:755,0
DA:788,0
DA:789,0
DA:790,0
DA:791,0
DA:792,0
DA:795,0
DA:800,0
DA:801,0
DA:802,0
DA:803,0
DA:805,0
DA:808,0
DA:810,0
DA:811,0
DA:813,0
DA:814,0
DA:819,0
DA:821,0
DA:822,0
DA:824,0
DA:830,0
DA:831,0
DA:832,0
DA:834,0
DA:835,0
DA:837,0
DA:839,0
DA:842,0
DA:844,0
DA:847,0
DA:849,0
DA:854,0
DA:856,0
DA:865,0
DA:870,0
DA:872,0
DA:873,0
DA:874,0
DA:875,0
DA:879,0
DA:880,0
DA:881,0
DA:882,0
DA:883,0
DA:887,0
DA:891,0
DA:892,0
DA:893,0
DA:894,0
DA:895,0
DA:898,0
DA:900,0
DA:901,0
DA:902,0
DA:903,0
DA:904,0
DA:908,0
DA:912,0
DA:913,0
DA:914,0
DA:915,0
DA:917,0
DA:918,0
DA:919,0
DA:921,0
DA:922,0
DA:926,0
DA:928,0
DA:929,0
DA:930,0
DA:931,0
DA:932,0
DA:933,0
DA:936,0
DA:937,0
DA:938,0
DA:941,0
DA:942,0
DA:943,0
DA:944,0
DA:952,0
DA:958,0
DA:963,0
DA:964,0
DA:965,0
DA:971,0
DA:972,0
DA:973,0
DA:974,0
DA:975,0
DA:979,0
DA:985,0
DA:986,0
DA:987,0
DA:988,0
DA:989,0
DA:993,0
DA:995,0
DA:996,0
DA:997,0
DA:999,0
DA:1000,0
DA:1002,0
DA:1003,0
DA:1005,0
DA:1006,0
DA:1011,0
DA:1013,0
DA:1014,0
DA:1015,0
DA:1016,0
DA:1017,0
DA:1018,0
DA:1019,0
DA:1024,0
DA:1025,0
DA:1028,0
DA:1030,0
DA:1031,0
DA:1032,0
DA:1033,0
DA:1034,0
DA:1073,0
DA:1080,0
DA:1081,0
DA:1082,0
DA:1085,0
DA:1086,0
DA:1087,0
DA:1090,0
DA:1091,0
DA:1092,0
DA:1095,0
DA:1096,0
DA:1097,0
DA:1100,0
DA:1101,0
DA:1102,0
DA:1105,0
DA:1106,0
DA:1107,0
DA:1110,0
DA:1111,0
DA:1112,0
DA:1115,0
DA:1116,0
DA:1117,0
DA:1120,0
DA:1121,0
DA:1122,0
DA:1125,0
DA:1126,0
DA:1127,0
DA:1130,0
DA:1131,0
DA:1132,0
DA:1135,0
DA:1136,0
DA:1137,0
DA:1143,0
DA:1150,0
DA:1151,0
DA:1152,0
DA:1155,0
DA:1156,0
DA:1157,0
DA:1160,0
DA:1161,0
DA:1162,0
DA:1165,0
DA:1166,0
DA:1167,0
DA:1170,0
DA:1171,0
DA:1172,0
DA:1175,0
DA:1176,0
DA:1177,0
DA:1180,0
DA:1181,0
DA:1182,0
DA:1185,0
DA:1186,0
DA:1187,0
DA:1190,0
DA:1191,0
DA:1192,0
DA:1195,0
DA:1196,0
DA:1197,0
DA:1200,0
DA:1201,0
DA:1202,0
DA:1205,0
DA:1206,0
DA:1207,0
DA:1213,0
DA:1220,0
DA:1221,0
DA:1223,0
DA:1224,0
DA:1226,0
DA:1227,0
DA:1229,0
DA:1230,0
DA:1232,0
DA:1233,0
DA:1235,0
DA:1236,0
DA:1237,0
DA:1240,0
DA:1241,0
DA:1242,0
DA:1245,0
DA:1246,0
DA:1247,0
DA:1250,0
DA:1251,0
DA:1252,0
DA:1255,0
DA:1256,0
DA:1258,0
DA:1259,0
DA:1260,0
DA:1263,0
DA:1264,0
DA:1289,0
DA:1290,0
DA:1291,0
DA:1295,0
DA:1297,0
DA:1299,0
DA:1301,0
DA:1315,0
DA:1331,0
DA:1345,0
DA:1361,0
DA:1363,0
DA:1364,0
DA:1365,0
DA:1366,0
DA:1369,0
DA:1409,0
DA:1416,0
DA:1417,0
DA:1418,0
DA:1421,0
DA:1422,0
DA:1423,0
DA:1426,0
DA:1427,0
DA:1428,0
DA:1434,0
DA:1441,0
DA:1442,0
DA:1443,0
DA:1446,0
DA:1447,0
DA:1448,0
DA:1451,0
DA:1452,0
DA:1453,0
DA:1459,0
DA:1466,0
DA:1467,0
DA:1469,0
DA:1470,0
DA:1471,0
DA:1474,0
DA:1475,0
DA:1500,0
DA:1503,0
DA:1504,0
DA:1508,0
DA:1510,0
DA:1511,0
DA:1513,0
DA:1518,0
DA:1523,0
DA:1530,0
DA:1535,0
DA:1542,0
DA:1544,0
DA:1545,0
DA:1546,0
DA:1547,0
DA:1550,0
DA:1580,0
DA:1581,0
DA:1582,0
DA:1583,0
DA:1584,0
LF:623
LH:0
end_of_record
SF:lib/features/campsites/data/datasources/local/database.dart
DA:12,0
DA:13,0
DA:14,0
DA:15,0
DA:16,0
DA:17,0
DA:18,0
DA:19,0
DA:20,0
DA:21,0
DA:22,0
DA:23,0
DA:25,0
DA:26,0
DA:32,0
DA:33,0
DA:34,0
DA:36,0
DA:37,0
DA:43,0
DA:45,0
DA:48,0
DA:49,0
DA:50,0
DA:51,0
DA:54,0
DA:55,0
DA:57,0
DA:58,0
DA:62,0
DA:64,0
DA:72,0
DA:73,0
DA:77,0
DA:78,0
DA:79,0
DA:83,0
DA:84,0
DA:85,0
DA:89,0
DA:93,0
DA:94,0
DA:98,0
DA:99,0
DA:103,0
DA:104,0
DA:108,0
DA:109,0
DA:110,0
DA:115,0
DA:116,0
DA:117,0
DA:121,0
DA:122,0
DA:123,0
DA:127,0
DA:131,0
DA:132,0
DA:133,0
DA:137,0
DA:138,0
DA:139,0
DA:140,0
DA:144,0
DA:145,0
DA:146,0
DA:150,0
DA:151,0
DA:152,0
DA:154,0
DA:155,0
DA:161,0
DA:162,0
DA:165,0
DA:166,0
DA:167,0
DA:171,0
DA:173,0
DA:174,0
DA:176,0
DA:178,0
DA:179,0
DA:180,0
DA:181,0
LF:84
LH:0
end_of_record
SF:lib/features/campsites/data/datasources/local/native.dart
DA:13,0
DA:14,0
DA:15,0
DA:16,0
DA:17,0
DA:21,0
DA:23,0
DA:24,0
DA:25,0
DA:28,0
DA:38,0
LF:11
LH:0
end_of_record
SF:lib/features/campsites/domain/usecases/get_campsite_details.dart
DA:12,1
DA:21,1
DA:24,2
DA:29,1
DA:32,2
DA:34,4
DA:37,1
DA:40,1
DA:41,3
LF:9
LH:9
end_of_record
